Take 0.97s to read ACM dataset
Take 0.94s to construct ACM graph
Take 0.98s to read ACM dataset
Take 0.94s to construct ACM graph
Take 0.98s to read ACM dataset
Take 0.93s to construct ACM graph
Take 0.07s to read DBLP dataset
Take 0.07s to construct DBLP graph
Take 0.07s to read DBLP dataset
Take 0.08s to construct DBLP graph
Take 0.06s to read DBLP dataset
Take 0.08s to construct DBLP graph
Take 0.07s to read DBLP dataset
Take 0.08s to construct DBLP graph
Take 1.08s to read ACM dataset
Take 0.96s to construct ACM graph
Take 0.06s to read DBLP dataset
Take 0.08s to construct DBLP graph
Take 0.05s to read DBLP dataset
Take 0.09s to construct DBLP graph
Take 0.06s to read DBLP dataset
Take 0.08s to construct DBLP graph
Take 1.07s to read ACM dataset
Take 0.97s to construct ACM graph
./experiment.sh: line 18: 23937 Terminated              ./topKQueryTest --"$experiment_type" "$dataset" "$dataset"_pos_pairs.txt $target_file $k $tfidf_type 2 > $output_file
Take 1.07s to read ACM dataset
Take 0.97s to construct ACM graph
Take 0.06s to read DBLP dataset
Take 0.08s to construct DBLP graph
Take 1.03s to read ACM dataset
Take 0.95s to construct ACM graph
Take 0.99s to read ACM dataset
Take 0.95s to construct ACM graph
Take 0.06s to read DBLP dataset
Take 0.09s to construct DBLP graph
Take 0.06s to read DBLP dataset
Take 0.07s to construct DBLP graph
Take 0.06s to read DBLP dataset
Take 0.08s to construct DBLP graph
Take 0.06s to read DBLP dataset
Take 0.08s to construct DBLP graph
Take 0.06s to read DBLP dataset
Take 0.08s to construct DBLP graph
Take 0.07s to read DBLP dataset
Take 0.08s to construct DBLP graph
Take 0.06s to read DBLP dataset
Take 0.08s to construct DBLP graph
Take 0.06s to read DBLP dataset
Take 0.08s to construct DBLP graph
Take 0.06s to read DBLP dataset
Take 0.08s to construct DBLP graph
Take 0.07s to read DBLP dataset
Take 0.07s to construct DBLP graph
Take 1.08s to read ACM dataset
Take 0.94s to construct ACM graph
Take 1.03s to read ACM dataset
Take 0.96s to construct ACM graph
Take 1s to read ACM dataset
Take 0.96s to construct ACM graph
Take 1.05s to read ACM dataset
Take 0.93s to construct ACM graph
Take 0.05s to read DBLP dataset
Take 0.09s to construct DBLP graph
Take 0.06s to read DBLP dataset
Take 0.07s to construct DBLP graph
Take 0.06s to read DBLP dataset
Take 0.08s to construct DBLP graph
Take 0.06s to read DBLP dataset
Take 0.08s to construct DBLP graph
